# Logfile created on 2018-04-05 21:52:11 +0900 by logger.rb/56815
D, [2018-04-05T22:10:32.326096 #1694] DEBUG -- :   [1m[35m (0.3ms)[0m  [1m[35mCREATE TABLE `schema_migrations` (`version` varchar(255) COLLATE utf8_general_ci NOT NULL PRIMARY KEY) ENGINE=InnoDB[0m
D, [2018-04-05T22:11:33.638103 #4001] DEBUG -- :   [1m[35m (0.4ms)[0m  [1m[35mSET NAMES utf8,  @@SESSION.sql_mode = CONCAT(CONCAT(@@sql_mode, ',STRICT_ALL_TABLES'), ',NO_AUTO_VALUE_ON_ZERO'),  @@SESSION.sql_auto_is_null = 0, @@SESSION.wait_timeout = 2147483[0m
D, [2018-04-05T22:11:33.662449 #4001] DEBUG -- :   [1m[35m (23.0ms)[0m  [1m[35mCREATE TABLE `schema_migrations` (`version` varchar(255) NOT NULL PRIMARY KEY) ENGINE=InnoDB[0m
D, [2018-04-05T22:11:33.678390 #4001] DEBUG -- :   [1m[35m (13.5ms)[0m  [1m[35mCREATE TABLE `ar_internal_metadata` (`key` varchar(255) NOT NULL PRIMARY KEY, `value` varchar(255), `created_at` datetime NOT NULL, `updated_at` datetime NOT NULL) ENGINE=InnoDB[0m
D, [2018-04-05T22:11:33.679567 #4001] DEBUG -- :   [1m[35m (0.4ms)[0m  [1m[34mSELECT GET_LOCK('5058298367072548815', 0)[0m
D, [2018-04-05T22:11:33.692080 #4001] DEBUG -- :   [1m[35m (0.8ms)[0m  [1m[34mSELECT `schema_migrations`.`version` FROM `schema_migrations` ORDER BY `schema_migrations`.`version` ASC[0m
D, [2018-04-05T22:11:33.696464 #4001] DEBUG -- :   [1m[36mActiveRecord::InternalMetadata Load (1.1ms)[0m  [1m[34mSELECT  `ar_internal_metadata`.* FROM `ar_internal_metadata` WHERE `ar_internal_metadata`.`key` = 'environment' LIMIT 1[0m
D, [2018-04-05T22:11:33.701108 #4001] DEBUG -- :   [1m[35m (0.2ms)[0m  [1m[35mBEGIN[0m
D, [2018-04-05T22:11:33.704657 #4001] DEBUG -- :   [1m[35mSQL (2.5ms)[0m  [1m[32mINSERT INTO `ar_internal_metadata` (`key`, `value`, `created_at`, `updated_at`) VALUES ('environment', 'development', '2018-04-05 13:11:33', '2018-04-05 13:11:33')[0m
D, [2018-04-05T22:11:33.705263 #4001] DEBUG -- :   [1m[35m (0.3ms)[0m  [1m[35mCOMMIT[0m
D, [2018-04-05T22:11:33.705632 #4001] DEBUG -- :   [1m[35m (0.2ms)[0m  [1m[34mSELECT RELEASE_LOCK('5058298367072548815')[0m
D, [2018-04-05T22:13:53.000492 #7372] DEBUG -- :   [1m[35m (0.4ms)[0m  [1m[35mSET NAMES utf8,  @@SESSION.sql_mode = CONCAT(CONCAT(@@sql_mode, ',STRICT_ALL_TABLES'), ',NO_AUTO_VALUE_ON_ZERO'),  @@SESSION.sql_auto_is_null = 0, @@SESSION.wait_timeout = 2147483[0m
D, [2018-04-05T22:13:53.005985 #7372] DEBUG -- :   [1m[35m (0.3ms)[0m  [1m[34mSELECT GET_LOCK('5058298367072548815', 0)[0m
D, [2018-04-05T22:13:53.025197 #7372] DEBUG -- :   [1m[35m (0.2ms)[0m  [1m[34mSELECT `schema_migrations`.`version` FROM `schema_migrations` ORDER BY `schema_migrations`.`version` ASC[0m
D, [2018-04-05T22:13:53.028269 #7372] DEBUG -- :   [1m[36mActiveRecord::InternalMetadata Load (0.3ms)[0m  [1m[34mSELECT  `ar_internal_metadata`.* FROM `ar_internal_metadata` WHERE `ar_internal_metadata`.`key` = 'environment' LIMIT 1[0m
D, [2018-04-05T22:13:53.033220 #7372] DEBUG -- :   [1m[35m (0.2ms)[0m  [1m[35mBEGIN[0m
D, [2018-04-05T22:13:53.034146 #7372] DEBUG -- :   [1m[35m (0.1ms)[0m  [1m[35mCOMMIT[0m
D, [2018-04-05T22:13:53.034435 #7372] DEBUG -- :   [1m[35m (0.2ms)[0m  [1m[34mSELECT RELEASE_LOCK('5058298367072548815')[0m
D, [2018-04-05T22:14:56.398229 #9609] DEBUG -- :   [1m[35m (0.3ms)[0m  [1m[35mSET NAMES utf8,  @@SESSION.sql_mode = CONCAT(CONCAT(@@sql_mode, ',STRICT_ALL_TABLES'), ',NO_AUTO_VALUE_ON_ZERO'),  @@SESSION.sql_auto_is_null = 0, @@SESSION.wait_timeout = 2147483[0m
D, [2018-04-05T22:14:56.401231 #9609] DEBUG -- :   [1m[35m (0.2ms)[0m  [1m[34mSELECT GET_LOCK('5058298367072548815', 0)[0m
D, [2018-04-05T22:14:56.410695 #9609] DEBUG -- :   [1m[35m (0.2ms)[0m  [1m[34mSELECT `schema_migrations`.`version` FROM `schema_migrations` ORDER BY `schema_migrations`.`version` ASC[0m
D, [2018-04-05T22:14:56.413649 #9609] DEBUG -- :   [1m[36mActiveRecord::InternalMetadata Load (0.3ms)[0m  [1m[34mSELECT  `ar_internal_metadata`.* FROM `ar_internal_metadata` WHERE `ar_internal_metadata`.`key` = 'environment' LIMIT 1[0m
D, [2018-04-05T22:14:56.418396 #9609] DEBUG -- :   [1m[35m (0.2ms)[0m  [1m[35mBEGIN[0m
D, [2018-04-05T22:14:56.419453 #9609] DEBUG -- :   [1m[35m (0.2ms)[0m  [1m[35mCOMMIT[0m
D, [2018-04-05T22:14:56.419798 #9609] DEBUG -- :   [1m[35m (0.2ms)[0m  [1m[34mSELECT RELEASE_LOCK('5058298367072548815')[0m
D, [2018-04-05T22:15:12.007491 #10463] DEBUG -- :   [1m[35m (0.3ms)[0m  [1m[35mSET NAMES utf8,  @@SESSION.sql_mode = CONCAT(CONCAT(@@sql_mode, ',STRICT_ALL_TABLES'), ',NO_AUTO_VALUE_ON_ZERO'),  @@SESSION.sql_auto_is_null = 0, @@SESSION.wait_timeout = 2147483[0m
D, [2018-04-05T22:15:12.038782 #10463] DEBUG -- :   [1m[35m (16.6ms)[0m  [1m[34mSELECT GET_LOCK('5058298367072548815', 0)[0m
D, [2018-04-05T22:15:12.063922 #10463] DEBUG -- :   [1m[35m (0.8ms)[0m  [1m[34mSELECT `schema_migrations`.`version` FROM `schema_migrations` ORDER BY `schema_migrations`.`version` ASC[0m
D, [2018-04-05T22:15:12.070185 #10463] DEBUG -- :   [1m[36mActiveRecord::InternalMetadata Load (0.7ms)[0m  [1m[34mSELECT  `ar_internal_metadata`.* FROM `ar_internal_metadata` WHERE `ar_internal_metadata`.`key` = 'environment' LIMIT 1[0m
D, [2018-04-05T22:15:12.092778 #10463] DEBUG -- :   [1m[35m (0.3ms)[0m  [1m[35mBEGIN[0m
D, [2018-04-05T22:15:12.095330 #10463] DEBUG -- :   [1m[35m (0.6ms)[0m  [1m[35mCOMMIT[0m
D, [2018-04-05T22:15:12.098290 #10463] DEBUG -- :   [1m[35m (2.4ms)[0m  [1m[34mSELECT RELEASE_LOCK('5058298367072548815')[0m
D, [2018-04-05T22:16:41.509581 #11790] DEBUG -- :   [1m[35m (0.3ms)[0m  [1m[35mSET NAMES utf8,  @@SESSION.sql_mode = CONCAT(CONCAT(@@sql_mode, ',STRICT_ALL_TABLES'), ',NO_AUTO_VALUE_ON_ZERO'),  @@SESSION.sql_auto_is_null = 0, @@SESSION.wait_timeout = 2147483[0m
D, [2018-04-05T22:16:41.513354 #11790] DEBUG -- :   [1m[35m (0.2ms)[0m  [1m[34mSELECT GET_LOCK('5058298367072548815', 0)[0m
D, [2018-04-05T22:16:41.534897 #11790] DEBUG -- :   [1m[35m (0.3ms)[0m  [1m[34mSELECT `schema_migrations`.`version` FROM `schema_migrations` ORDER BY `schema_migrations`.`version` ASC[0m
I, [2018-04-05T22:16:41.536193 #11790]  INFO -- : Migrating to CreateUser (201804052216)
D, [2018-04-05T22:16:41.537227 #11790] DEBUG -- :   [1m[35m (0.2ms)[0m  [1m[34mSELECT RELEASE_LOCK('5058298367072548815')[0m
D, [2018-04-05T22:17:04.034147 #13285] DEBUG -- :   [1m[35m (0.4ms)[0m  [1m[35mSET NAMES utf8,  @@SESSION.sql_mode = CONCAT(CONCAT(@@sql_mode, ',STRICT_ALL_TABLES'), ',NO_AUTO_VALUE_ON_ZERO'),  @@SESSION.sql_auto_is_null = 0, @@SESSION.wait_timeout = 2147483[0m
D, [2018-04-05T22:17:04.046596 #13285] DEBUG -- :   [1m[35m (0.8ms)[0m  [1m[34mSELECT GET_LOCK('5058298367072548815', 0)[0m
D, [2018-04-05T22:17:04.075385 #13285] DEBUG -- :   [1m[35m (3.1ms)[0m  [1m[34mSELECT `schema_migrations`.`version` FROM `schema_migrations` ORDER BY `schema_migrations`.`version` ASC[0m
I, [2018-04-05T22:17:04.077112 #13285]  INFO -- : Migrating to CreateUser (201804052216)
D, [2018-04-05T22:17:04.128489 #13285] DEBUG -- :   [1m[35m (18.6ms)[0m  [1m[35mCREATE TABLE `users` (`id` int NOT NULL AUTO_INCREMENT PRIMARY KEY, `slack_name` varchar(255), `github_id` varchar(255), `github_token` varchar(255), `esa_token` varchar(255), `esa_name` varchar(255), `created_at` datetime NOT NULL, `updated_at` datetime NOT NULL) ENGINE=InnoDB[0m
D, [2018-04-05T22:17:04.145555 #13285] DEBUG -- :   [1m[35m (0.2ms)[0m  [1m[35mBEGIN[0m
D, [2018-04-05T22:17:04.151763 #13285] DEBUG -- :   [1m[35mSQL (1.1ms)[0m  [1m[32mINSERT INTO `schema_migrations` (`version`) VALUES ('201804052216')[0m
D, [2018-04-05T22:17:04.157338 #13285] DEBUG -- :   [1m[35m (4.9ms)[0m  [1m[35mCOMMIT[0m
D, [2018-04-05T22:17:04.171026 #13285] DEBUG -- :   [1m[36mActiveRecord::InternalMetadata Load (5.7ms)[0m  [1m[34mSELECT  `ar_internal_metadata`.* FROM `ar_internal_metadata` WHERE `ar_internal_metadata`.`key` = 'environment' LIMIT 1[0m
D, [2018-04-05T22:17:04.217095 #13285] DEBUG -- :   [1m[35m (1.9ms)[0m  [1m[35mBEGIN[0m
D, [2018-04-05T22:17:04.219252 #13285] DEBUG -- :   [1m[35m (0.2ms)[0m  [1m[35mCOMMIT[0m
D, [2018-04-05T22:17:04.219956 #13285] DEBUG -- :   [1m[35m (0.4ms)[0m  [1m[34mSELECT RELEASE_LOCK('5058298367072548815')[0m
D, [2018-04-05T22:17:52.129765 #14612] DEBUG -- :   [1m[35m (0.4ms)[0m  [1m[35mSET NAMES utf8,  @@SESSION.sql_mode = CONCAT(CONCAT(@@sql_mode, ',STRICT_ALL_TABLES'), ',NO_AUTO_VALUE_ON_ZERO'),  @@SESSION.sql_auto_is_null = 0, @@SESSION.wait_timeout = 2147483[0m
D, [2018-04-05T22:17:52.133030 #14612] DEBUG -- :   [1m[35m (0.2ms)[0m  [1m[34mSELECT GET_LOCK('5058298367072548815', 0)[0m
D, [2018-04-05T22:17:52.142480 #14612] DEBUG -- :   [1m[35m (0.3ms)[0m  [1m[34mSELECT `schema_migrations`.`version` FROM `schema_migrations` ORDER BY `schema_migrations`.`version` ASC[0m
I, [2018-04-05T22:17:52.143867 #14612]  INFO -- : Migrating to CreateUser (201804052216)
D, [2018-04-05T22:17:52.147755 #14612] DEBUG -- :   [1m[35m (0.9ms)[0m  [1m[35mCREATE TABLE `users` (`id` int NOT NULL AUTO_INCREMENT PRIMARY KEY, `slack_name` varchar(255), `github_id` varchar(255), `github_token` varchar(255), `esa_token` varchar(255), `esa_name` varchar(255), `created_at` datetime NOT NULL, `updated_at` datetime NOT NULL) ENGINE=InnoDB[0m
D, [2018-04-05T22:17:52.148409 #14612] DEBUG -- :   [1m[35m (0.3ms)[0m  [1m[34mSELECT RELEASE_LOCK('5058298367072548815')[0m
D, [2018-04-05T22:18:12.739677 #15111] DEBUG -- :   [1m[35m (0.3ms)[0m  [1m[35mSET NAMES utf8,  @@SESSION.sql_mode = CONCAT(CONCAT(@@sql_mode, ',STRICT_ALL_TABLES'), ',NO_AUTO_VALUE_ON_ZERO'),  @@SESSION.sql_auto_is_null = 0, @@SESSION.wait_timeout = 2147483[0m
D, [2018-04-05T22:18:12.753551 #15111] DEBUG -- :   [1m[35m (2.1ms)[0m  [1m[34mSELECT GET_LOCK('5058298367072548815', 0)[0m
D, [2018-04-05T22:18:12.786071 #15111] DEBUG -- :   [1m[35m (9.0ms)[0m  [1m[34mSELECT `schema_migrations`.`version` FROM `schema_migrations` ORDER BY `schema_migrations`.`version` ASC[0m
I, [2018-04-05T22:18:12.787649 #15111]  INFO -- : Migrating to CreateUser (201804052216)
D, [2018-04-05T22:18:12.814093 #15111] DEBUG -- :   [1m[35m (22.5ms)[0m  [1m[35mCREATE TABLE `users` (`id` int NOT NULL AUTO_INCREMENT PRIMARY KEY, `slack_name` varchar(255), `github_id` varchar(255), `github_token` varchar(255), `esa_token` varchar(255), `esa_name` varchar(255), `created_at` datetime NOT NULL, `updated_at` datetime NOT NULL) ENGINE=InnoDB[0m
D, [2018-04-05T22:18:12.821091 #15111] DEBUG -- :   [1m[35m (2.0ms)[0m  [1m[35mBEGIN[0m
D, [2018-04-05T22:18:12.824568 #15111] DEBUG -- :   [1m[35mSQL (2.1ms)[0m  [1m[32mINSERT INTO `schema_migrations` (`version`) VALUES ('201804052216')[0m
D, [2018-04-05T22:18:12.826626 #15111] DEBUG -- :   [1m[35m (1.6ms)[0m  [1m[35mCOMMIT[0m
D, [2018-04-05T22:18:12.832680 #15111] DEBUG -- :   [1m[36mActiveRecord::InternalMetadata Load (1.4ms)[0m  [1m[34mSELECT  `ar_internal_metadata`.* FROM `ar_internal_metadata` WHERE `ar_internal_metadata`.`key` = 'environment' LIMIT 1[0m
D, [2018-04-05T22:18:12.851928 #15111] DEBUG -- :   [1m[35m (1.3ms)[0m  [1m[35mBEGIN[0m
D, [2018-04-05T22:18:12.853662 #15111] DEBUG -- :   [1m[35m (0.7ms)[0m  [1m[35mCOMMIT[0m
D, [2018-04-05T22:18:12.855155 #15111] DEBUG -- :   [1m[35m (1.2ms)[0m  [1m[34mSELECT RELEASE_LOCK('5058298367072548815')[0m
